<?xml version="1.0" encoding="UTF-8"?>
<testsuite name="com.lavanderia.service.api.ve.controller.ApiControllerTest" tests="1" skipped="0" failures="0" errors="0" timestamp="2018-10-18T04:46:28" hostname="Daniels-MacBook-Pro-2.local" time="0.001">
  <properties/>
  <testcase name="testController" classname="com.lavanderia.service.api.ve.controller.ApiControllerTest" time="0.001"/>
  <system-out><![CDATA[]]></system-out>
  <system-err><![CDATA[]]></system-err>
</testsuite>
